{"level":"debug","message":"Boot service started","module":"boot","timestamp":"2023-01-15T22:11:48.432Z"}
{"level":"debug","message":"Marketplace service started","module":"marketplace","timestamp":"2023-01-15T22:11:48.437Z"}
{"level":"debug","message":"Player Service started","module":"player","timestamp":"2023-01-15T22:11:48.437Z"}
{"level":"debug","message":"Call service started","module":"calls","timestamp":"2023-01-15T22:11:48.438Z"}
{"level":"debug","message":"Messages service started","module":"messages","timestamp":"2023-01-15T22:11:48.439Z"}
{"level":"debug","message":"Notes service started","module":"notes","timestamp":"2023-01-15T22:11:48.439Z"}
{"level":"debug","message":"Contacts service started","module":"contact","timestamp":"2023-01-15T22:11:48.439Z"}
{"level":"debug","message":"Photo service started","module":"photo","timestamp":"2023-01-15T22:11:48.448Z"}
{"level":"debug","message":"Twitter service started","module":"twitter","timestamp":"2023-01-15T22:11:48.448Z"}
{"level":"debug","message":"Match service started","module":"match","timestamp":"2023-01-15T22:11:48.448Z"}
{"level":"debug","message":"Beginning database schema validation","module":"boot","timestamp":"2023-01-15T22:11:49.752Z"}
{"level":"info","message":"Successfully started","timestamp":"2023-01-15T22:11:49.761Z"}
{"level":"info","message":"Executed query (SHOW TABLES WHERE `Tables_in_es_extended`LIKE ? [\"users\"]) in 171.7579ms'","module":"DBInterface","timestamp":"2023-01-15T22:11:49.924Z"}
{"level":"info","message":"Executed query (SHOW COLUMNS IN users []) in 641.6151ms'","module":"DBInterface","timestamp":"2023-01-15T22:11:50.566Z"}
{"level":"debug","message":"Database schema successfully validated","module":"boot","timestamp":"2023-01-15T22:11:50.567Z"}
{"level":"debug","message":"Checking for missing framework dependencies","module":"boot","timestamp":"2023-01-15T22:11:50.567Z"}
{"level":"debug","message":"No missing dependencies were detected","module":"boot","timestamp":"2023-01-15T22:11:50.567Z"}
{"level":"info","message":"Executed query (SELECT phone_number FROM users WHERE identifier = ? LIMIT 1 [\"char1:4da15f5fc4b8fa838372ac19665a1a11b82c4c74\"]) in 7.7254ms'","module":"DBInterface","timestamp":"2023-01-15T22:15:20.520Z"}
{"level":"debug","message":"Find user for number generation data >","module":"player","timestamp":"2023-01-15T22:15:20.521Z"}
{"level":"debug","message":[{"phone_number":"999-6807"}],"module":"player","timestamp":"2023-01-15T22:15:20.521Z"}
{"level":"info","message":"New NPWD Player added through event (1) (char1:4da15f5fc4b8fa838372ac19665a1a11b82c4c74)","module":"player","timestamp":"2023-01-15T22:15:20.521Z"}
{"level":"debug","message":{"_firstname":"Jhonatan","_identifier":"char1:4da15f5fc4b8fa838372ac19665a1a11b82c4c74","_lastname":"Dinozzo","_phoneNumber":"999-6807","source":1,"username":"utente"},"module":"player","timestamp":"2023-01-15T22:15:20.521Z"}
{"level":"silly","message":"netPromise > npwd:fetchTweets > RequestObj","module":"events","timestamp":"2023-01-15T22:15:20.630Z"}
{"level":"silly","message":{"data":{"pageId":0},"source":1},"module":"events","timestamp":"2023-01-15T22:15:20.630Z"}
{"level":"info","message":"Executed query (\n        SELECT *\n        FROM npwd_twitter_profiles\n        WHERE identifier = ?\n        LIMIT 1\n\t\t [\"char1:4da15f5fc4b8fa838372ac19665a1a11b82c4c74\"]) in 8.3133ms'","module":"DBInterface","timestamp":"2023-01-15T22:15:20.639Z"}
{"level":"info","message":"Executed query (\n        SELECT \n  npwd_twitter_tweets.id,\n  npwd_twitter_tweets.identifier,\n  npwd_twitter_profiles.id AS profile_id,\n  npwd_twitter_profiles.profile_name,\n  npwd_twitter_profiles.avatar_url,\n  npwd_twitter_tweets.likes,\n  npwd_twitter_tweets.visible,\n  IFNULL(COALESCE(retweets.message, npwd_twitter_tweets.message), '') AS message,\n  IFNULL(COALESCE(retweets.images, npwd_twitter_tweets.images), '') AS images,\n  npwd_twitter_tweets.retweet IS NOT NULL AS isRetweet,\n  retweets.id AS retweetId,\n  retweets_profiles.profile_name AS retweetProfileName,\n  retweets_profiles.avatar_url AS retweetAvatarUrl,\n  npwd_twitter_likes.id IS NOT NULL AS isLiked,\n  npwd_twitter_reports.id IS NOT NULL AS isReported,\n  npwd_twitter_tweets.createdAt,\n  npwd_twitter_tweets.updatedAt,\n  TIME_TO_SEC(TIMEDIFF( NOW(), npwd_twitter_tweets.createdAt)) AS seconds_since_tweet\n\n        FROM npwd_twitter_tweets\n                 LEFT OUTER JOIN npwd_twitter_profiles\n                                 ON npwd_twitter_tweets.identifier = npwd_twitter_profiles.identifier\n                 LEFT OUTER JOIN npwd_twitter_likes ON npwd_twitter_tweets.id = npwd_twitter_likes.tweet_id AND\n                                                       npwd_twitter_likes.profile_id = ?\n                 LEFT OUTER JOIN npwd_twitter_reports ON npwd_twitter_tweets.id = npwd_twitter_reports.tweet_id AND\n                                                         npwd_twitter_reports.profile_id = ?\n                 LEFT OUTER JOIN npwd_twitter_tweets AS retweets ON retweets.id = npwd_twitter_tweets.retweet\n                 LEFT OUTER JOIN npwd_twitter_profiles AS retweets_profiles\n                                 ON retweets.identifier = retweets_profiles.identifier\n        WHERE npwd_twitter_tweets.visible = 1\n        ORDER BY id DESC\n        LIMIT ? OFFSET ?\n\t\t [1,1,\"25\",\"0\"]) in 845.1827ms'","module":"DBInterface","timestamp":"2023-01-15T22:15:23.485Z"}
{"level":"silly","message":"Response Promise Event npwd:fetchTweets:337f70f4-400c-4300-860b-b2134db37672 (2855.5408ms), Data >>","module":"events","timestamp":"2023-01-15T22:15:23.485Z"}
{"level":"silly","message":{"data":[],"status":"ok"},"module":"events","timestamp":"2023-01-15T22:15:23.486Z"}
{"level":"silly","message":"netPromise > npwd:getOrCreateTwitterProfile > RequestObj","module":"events","timestamp":"2023-01-15T22:15:23.548Z"}
{"level":"silly","message":{"data":null,"source":1},"module":"events","timestamp":"2023-01-15T22:15:23.548Z"}
{"level":"silly","message":"netPromise > phone:getMyProfile > RequestObj","module":"events","timestamp":"2023-01-15T22:15:23.548Z"}
{"level":"silly","message":{"data":null,"source":1},"module":"events","timestamp":"2023-01-15T22:15:23.548Z"}
{"level":"info","message":"Executed query (\n        SELECT *\n        FROM npwd_twitter_profiles\n        WHERE identifier = ?\n        LIMIT 1\n\t\t [\"char1:4da15f5fc4b8fa838372ac19665a1a11b82c4c74\"]) in 3.5026ms'","module":"DBInterface","timestamp":"2023-01-15T22:15:23.552Z"}
{"level":"silly","message":"Response Promise Event npwd:getOrCreateTwitterProfile:278a9192-d410-4755-9941-74e20e4ba16d (4.1677ms), Data >>","module":"events","timestamp":"2023-01-15T22:15:23.552Z"}
{"level":"silly","message":{"data":{"avatar_url":"https://i.file.glass/QrEvq.png","createdAt":"2023-01-14T23:17:21.000Z","id":1,"identifier":"char1:4da15f5fc4b8fa838372ac19665a1a11b82c4c74","profile_name":"Jhonatan_Dinozzo","updatedAt":"2023-01-14T23:17:21.000Z"},"status":"ok"},"module":"events","timestamp":"2023-01-15T22:15:23.552Z"}
{"level":"info","message":"Executed query (\n        SELECT *,\n               UNIX_TIMESTAMP(updatedAt) AS lastActive\n        FROM npwd_match_profiles\n        WHERE identifier = ?\n        LIMIT 1\n\t\t [\"char1:4da15f5fc4b8fa838372ac19665a1a11b82c4c74\"]) in 6.015ms'","module":"DBInterface","timestamp":"2023-01-15T22:15:23.555Z"}
{"level":"silly","message":"Response Promise Event phone:getMyProfile:3dd8194e-534c-4f5e-8519-53b2716cab83 (7.2369ms), Data >>","module":"events","timestamp":"2023-01-15T22:15:23.556Z"}
{"level":"silly","message":{"data":{"bio":"","createdAt":"2023-01-14T23:17:21.000Z","id":1,"identifier":"char1:4da15f5fc4b8fa838372ac19665a1a11b82c4c74","image":"https://upload.wikimedia.org/wikipedia/commons/a/ac/No_image_available.svg","job":"","lastActive":1673738241,"lastActiveFormatted":"Sat, 14 Jan 2023 23:17:21 GMT","location":"","name":"Jhonatan Dinozzo","tagList":[],"tags":"","updatedAt":"2023-01-14T23:17:21.000Z","viewed":false,"voiceMessage":null},"status":"ok"},"module":"events","timestamp":"2023-01-15T22:15:23.556Z"}
{"level":"silly","message":"netPromise > npwd:fetchMessageGroups > RequestObj","module":"events","timestamp":"2023-01-15T22:15:23.602Z"}
{"level":"silly","message":{"data":null,"source":1},"module":"events","timestamp":"2023-01-15T22:15:23.602Z"}
{"level":"silly","message":"netPromise > npwd:getContacts > RequestObj","module":"events","timestamp":"2023-01-15T22:15:23.603Z"}
{"level":"silly","message":{"data":null,"source":1},"module":"events","timestamp":"2023-01-15T22:15:23.603Z"}
{"level":"info","message":"Executed query (SELECT * FROM npwd_phone_contacts WHERE identifier = ? ORDER BY display ASC [\"char1:4da15f5fc4b8fa838372ac19665a1a11b82c4c74\"]) in 2.7704ms'","module":"DBInterface","timestamp":"2023-01-15T22:15:23.606Z"}
{"level":"silly","message":"Response Promise Event npwd:getContacts:e25b077b-4803-4364-93da-4c49f83f631f (3.3193ms), Data >>","module":"events","timestamp":"2023-01-15T22:15:23.606Z"}
{"level":"silly","message":{"data":[],"status":"ok"},"module":"events","timestamp":"2023-01-15T22:15:23.606Z"}
{"level":"info","message":"Executed query (SELECT npwd_messages_conversations.id,\n                          npwd_messages_conversations.conversation_list         as conversationList,\n                          npwd_messages_participants.unread_count               as unreadCount,\n                          npwd_messages_conversations.is_group_chat             as isGroupChat,\n                          npwd_messages_conversations.label,\n                          UNIX_TIMESTAMP(npwd_messages_conversations.updatedAt) as updatedAt,\n                          npwd_messages_participants.participant\n                   FROM npwd_messages_conversations\n                            INNER JOIN npwd_messages_participants\n                                       on npwd_messages_conversations.id = npwd_messages_participants.conversation_id\n                   WHERE npwd_messages_participants.participant = ? [\"999-6807\"]) in 14.1799ms'","module":"DBInterface","timestamp":"2023-01-15T22:15:23.617Z"}
{"level":"silly","message":"Response Promise Event npwd:fetchMessageGroups:b0034de0-5c55-41b7-8df1-dc3a89b76c70 (14.9459ms), Data >>","module":"events","timestamp":"2023-01-15T22:15:23.617Z"}
{"level":"silly","message":{"data":[],"status":"ok"},"module":"events","timestamp":"2023-01-15T22:15:23.617Z"}
{"level":"info","message":"Executed query (SELECT id FROM npwd_marketplace_listings WHERE identifier = ? [\"char1:4da15f5fc4b8fa838372ac19665a1a11b82c4c74\"]) in 9.7265ms'","module":"DBInterface","timestamp":"2023-01-15T22:29:05.390Z"}
{"level":"info","message":"Executed query (DELETE FROM npwd_marketplace_listings WHERE identifier = ? AND reported = 0 [\"char1:4da15f5fc4b8fa838372ac19665a1a11b82c4c74\"]) in 2.0559ms'","module":"DBInterface","timestamp":"2023-01-15T22:29:05.392Z"}
{"level":"info","message":"Unloaded NPWD Player, source: (1)","module":"player","timestamp":"2023-01-15T22:29:05.393Z"}
